<?xml version="1.0" encoding="UTF-8"?>
<testng-results skipped="0" failed="0" ignored="0" total="1" passed="1">
  <reporter-output>
  </reporter-output>
  <suite name="Default suite" duration-ms="76718" started-at="2020-06-23T12:23:16Z" finished-at="2020-06-23T12:24:33Z">
    <groups>
    </groups>
    <test name="Default test" duration-ms="76718" started-at="2020-06-23T12:23:16Z" finished-at="2020-06-23T12:24:33Z">
      <class name="com.OKR.application.Test01">
        <test-method status="PASS" signature="_LaunchApp()[pri:0, instance:com.OKR.application.Test01@6a1aab78]" name="_LaunchApp" is-config="true" duration-ms="33133" started-at="2020-06-23T12:23:16Z" finished-at="2020-06-23T12:23:49Z">
          <reporter-output>
          </reporter-output>
        </test-method> <!-- _LaunchApp -->
        <test-method status="PASS" signature="tc_01()[pri:0, instance:com.OKR.application.Test01@6a1aab78]" name="tc_01" duration-ms="43565" started-at="2020-06-23T12:23:49Z" finished-at="2020-06-23T12:24:33Z">
          <reporter-output>
          </reporter-output>
        </test-method> <!-- tc_01 -->
        <test-method status="PASS" signature="shutDownApp()[pri:0, instance:com.OKR.application.Test01@6a1aab78]" name="shutDownApp" is-config="true" duration-ms="1" started-at="2020-06-23T12:24:33Z" finished-at="2020-06-23T12:24:33Z">
          <reporter-output>
          </reporter-output>
        </test-method> <!-- shutDownApp -->
      </class> <!-- com.OKR.application.Test01 -->
    </test> <!-- Default test -->
  </suite> <!-- Default suite -->
</testng-results>
